<?xml version="1.0" encoding="UTF-8"?>
<!-- Generated by org.testng.reporters.JUnitXMLReporter -->
<testsuite hostname="G1ML22496" ignored="0" name="Test" tests="3" failures="0" timestamp="26 Jul 2017 06:40:35 GMT" time="36.979" errors="0">
  <testcase name="ticketBooking" time="10.922" classname="com.demoaut.newtours.Testscripts.BookTicketTest"/>
  <testcase name="userValidation" time="4.161" classname="com.demoaut.newtours.Testscripts.ValidateUserTest"/>
  <testcase name="invaliduserValidation" time="2.415" classname="com.demoaut.newtours.Testscripts.InvalidUserTest"/>
</testsuite> <!-- Test -->
